2026-04-13T22:49:20Z	DEBUG	provider-gcp	Starting	{"sync-interval": "1h0m0s", "poll-interval": "10m0s", "poll-jitter": "30s", "max-reconcile-rate": 100}
2026-04-13T22:49:25Z	INFO	provider-gcp	Beta feature enabled	{"flag": "EnableBetaManagementPolicies"}
2026-04-13T22:49:26Z	DEBUG	provider-gcp	gvk is ready	{"gvk": "dataform.gcp-beta.upbound.io/v1beta1, Kind=Repository"}
2026-04-13T22:49:26Z	DEBUG	provider-gcp	gvk is ready	{"gvk": "kms.gcp.upbound.io/v1beta1, Kind=SecretCiphertext"}
2026-04-13T22:49:26Z	DEBUG	provider-gcp	gvk is ready	{"gvk": "cloudplatform.gcp.upbound.io/v1beta1, Kind=ServiceNetworkingPeeredDNSDomain"}
2026-04-13T22:49:26Z	DEBUG	provider-gcp	gvk is ready	{"gvk": "compute.gcp.upbound.io/v1beta1, Kind=BackendServiceSignedURLKey"}
2026-04-13T22:49:26Z	DEBUG	provider-gcp	gvk is ready	{"gvk": "gcp-beta.m.upbound.io/v1beta1, Kind=ClusterProviderConfig"}
2026-04-13T22:49:26Z	DEBUG	provider-gcp	gvk is ready	{"gvk": "kms.gcp.m.upbound.io/v1beta1, Kind=CryptoKey"}
2026-04-13T22:49:26Z	DEBUG	provider-gcp	gvk is ready	{"gvk": "vertexai.gcp.m.upbound.io/v1beta1, Kind=FeatureGroup"}
2026-04-13T22:49:26Z	DEBUG	provider-gcp	gvk is ready	{"gvk": "vertexai.gcp.upbound.io/v1beta1, Kind=IndexEndpointDeployedIndex"}
2026-04-13T22:49:26Z	DEBUG	provider-gcp	gvk is ready	{"gvk": "compute.gcp.m.upbound.io/v1beta1, Kind=ProjectMetadata"}
2026-04-13T22:49:26Z	DEBUG	provider-gcp	gvk is ready	{"gvk": "gcp-beta.upbound.io/v1beta1, Kind=ProviderConfigUsage"}
2026-04-13T22:49:26Z	DEBUG	provider-gcp	gvk is ready	{"gvk": "gcp.upbound.io/v1beta1, Kind=ProviderConfigUsage"}
2026-04-13T22:49:26Z	DEBUG	provider-gcp	gvk is ready	{"gvk": "secretmanager.gcp.upbound.io/v1beta1, Kind=Secret"}
2026-04-13T22:49:26Z	DEBUG	provider-gcp	gvk is ready	{"gvk": "secretmanager.gcp.upbound.io/v1beta2, Kind=Secret"}
2026-04-13T22:49:26Z	DEBUG	provider-gcp	gvk is ready	{"gvk": "bigquery.gcp.m.upbound.io/v1beta1, Kind=TableIAMBinding"}
2026-04-13T22:49:26Z	DEBUG	provider-gcp	gvk is ready	{"gvk": "compute.gcp.upbound.io/v1beta1, Kind=TargetHTTPSProxy"}
2026-04-13T22:49:26Z	DEBUG	provider-gcp	gvk is ready	{"gvk": "billing.gcp.upbound.io/v1beta1, Kind=Budget"}
2026-04-13T22:49:26Z	DEBUG	provider-gcp	gvk is ready	{"gvk": "gcp.m.upbound.io/v1beta1, Kind=ClusterProviderConfig"}
2026-04-13T22:49:26Z	DEBUG	provider-gcp	gvk is ready	{"gvk": "vertexai.gcp.upbound.io/v1beta1, Kind=DeploymentResourcePool"}
2026-04-13T22:49:26Z	DEBUG	provider-gcp	gvk is ready	{"gvk": "compute.gcp.upbound.io/v1beta1, Kind=HTTPSHealthCheck"}
2026-04-13T22:49:26Z	DEBUG	provider-gcp	gvk is ready	{"gvk": "vertexai.gcp.m.upbound.io/v1beta1, Kind=Index"}
2026-04-13T22:49:26Z	DEBUG	provider-gcp	gvk is ready	{"gvk": "secretmanager.gcp.m.upbound.io/v1beta1, Kind=SecretVersion"}
2026-04-13T22:49:26Z	DEBUG	provider-gcp	gvk is ready	{"gvk": "compute.gcp.m.upbound.io/v1beta1, Kind=TargetHTTPProxy"}
2026-04-13T22:49:26Z	DEBUG	provider-gcp	gvk is ready	{"gvk": "compute.gcp.m.upbound.io/v1beta1, Kind=Firewall"}
2026-04-13T22:49:26Z	DEBUG	provider-gcp	gvk is ready	{"gvk": "compute.gcp.m.upbound.io/v1beta1, Kind=AttachedDisk"}
2026-04-13T22:49:26Z	DEBUG	provider-gcp	gvk is ready	{"gvk": "compute.gcp.m.upbound.io/v1beta1, Kind=NodeTemplate"}
2026-04-13T22:49:26Z	DEBUG	provider-gcp	gvk is ready	{"gvk": "billing.gcp.m.upbound.io/v1beta1, Kind=ProjectInfo"}
2026-04-13T22:49:26Z	DEBUG	provider-gcp	gvk is ready	{"gvk": "compute.gcp.upbound.io/v1beta1, Kind=ProjectMetadataItem"}
2026-04-13T22:49:26Z	DEBUG	provider-gcp	gvk is ready	{"gvk": "bigquery.gcp.upbound.io/v1beta1, Kind=TableIAMMember"}
2026-04-13T22:49:26Z	DEBUG	provider-gcp	gvk is ready	{"gvk": "bigquery.gcp.upbound.io/v1beta2, Kind=TableIAMMember"}
2026-04-13T22:49:26Z	DEBUG	provider-gcp	gvk is ready	{"gvk": "compute.gcp.upbound.io/v1beta1, Kind=FirewallPolicyRule"}
2026-04-13T22:49:26Z	DEBUG	provider-gcp	gvk is ready	{"gvk": "compute.gcp.upbound.io/v1beta2, Kind=FirewallPolicyRule"}
2026-04-13T22:49:26Z	DEBUG	provider-gcp	gvk is ready	{"gvk": "pkg.crossplane.io/v1, Kind=ConfigurationRevision"}
2026-04-13T22:49:26Z	DEBUG	provider-gcp	gvk is ready	{"gvk": "compute.gcp.m.upbound.io/v1beta1, Kind=ExternalVPNGateway"}
2026-04-13T22:49:26Z	DEBUG	provider-gcp	gvk is ready	{"gvk": "cloudplatform.gcp.upbound.io/v1beta1, Kind=ProjectDefaultServiceAccounts"}
2026-04-13T22:49:26Z	DEBUG	provider-gcp	gvk is ready	{"gvk": "vertexai.gcp.upbound.io/v1beta1, Kind=RagEngineConfig"}
2026-04-13T22:49:26Z	DEBUG	provider-gcp	gvk is ready	{"gvk": "compute.gcp.upbound.io/v1beta1, Kind=RegionSSLPolicy"}
2026-04-13T22:49:26Z	DEBUG	provider-gcp	gvk is ready	{"gvk": "compute.gcp.upbound.io/v1beta1, Kind=RegionTargetHTTPProxy"}
2026-04-13T22:49:26Z	DEBUG	provider-gcp	gvk is ready	{"gvk": "apiextensions.crossplane.io/v1, Kind=CompositeResourceDefinition"}
2026-04-13T22:49:26Z	DEBUG	provider-gcp	gvk is ready	{"gvk": "compute.gcp.m.upbound.io/v1beta1, Kind=GlobalAddress"}
2026-04-13T22:49:26Z	DEBUG	provider-gcp	gvk is ready	{"gvk": "compute.gcp.m.upbound.io/v1beta1, Kind=GlobalNetworkEndpointGroup"}
2026-04-13T22:49:26Z	DEBUG	provider-gcp	gvk is ready	{"gvk": "kms.gcp.m.upbound.io/v1beta1, Kind=KeyRingImportJob"}
2026-04-13T22:49:26Z	DEBUG	provider-gcp	gvk is ready	{"gvk": "kms.gcp.upbound.io/v1beta1, Kind=KeyRingImportJob"}
2026-04-13T22:49:26Z	DEBUG	provider-gcp	gvk is ready	{"gvk": "kms.gcp.upbound.io/v1beta1, Kind=CryptoKeyVersion"}
2026-04-13T22:49:26Z	DEBUG	provider-gcp	gvk is ready	{"gvk": "kms.gcp.upbound.io/v1beta2, Kind=CryptoKeyVersion"}
2026-04-13T22:49:26Z	DEBUG	provider-gcp	gvk is ready	{"gvk": "bigquery.gcp.m.upbound.io/v1beta1, Kind=DatasetIAMPolicy"}
2026-04-13T22:49:26Z	DEBUG	provider-gcp	gvk is ready	{"gvk": "vertexai.gcp.m.upbound.io/v1beta1, Kind=Featurestore"}
2026-04-13T22:49:26Z	DEBUG	provider-gcp	gvk is ready	{"gvk": "kms.gcp.m.upbound.io/v1beta1, Kind=KeyRing"}
2026-04-13T22:49:26Z	DEBUG	provider-gcp	gvk is ready	{"gvk": "dataform.gcp-beta.upbound.io/v1beta1, Kind=RepositoryIAMMember"}
2026-04-13T22:49:26Z	DEBUG	provider-gcp	gvk is ready	{"gvk": "pkg.crossplane.io/v1beta1, Kind=ImageConfig"}
2026-04-13T22:49:26Z	DEBUG	provider-gcp	gvk is ready	{"gvk": "compute.gcp.m.upbound.io/v1beta1, Kind=ProjectMetadataItem"}
2026-04-13T22:49:26Z	DEBUG	provider-gcp	gvk is ready	{"gvk": "gcp.m.upbound.io/v1beta1, Kind=ProviderConfig"}
2026-04-13T22:49:26Z	DEBUG	provider-gcp	gvk is ready	{"gvk": "compute.gcp.upbound.io/v1beta2, Kind=RegionHealthCheck"}
2026-04-13T22:49:26Z	DEBUG	provider-gcp	gvk is ready	{"gvk": "compute.gcp.upbound.io/v1beta1, Kind=RegionHealthCheck"}
2026-04-13T22:49:26Z	DEBUG	provider-gcp	gvk is ready	{"gvk": "bigquery.gcp.upbound.io/v1beta1, Kind=Reservation"}
2026-04-13T22:49:26Z	DEBUG	provider-gcp	gvk is ready	{"gvk": "bigquery.gcp.upbound.io/v1beta2, Kind=Reservation"}
2026-04-13T22:49:26Z	DEBUG	provider-gcp	gvk is ready	{"gvk": "compute.gcp.upbound.io/v1beta1, Kind=Router"}
2026-04-13T22:49:26Z	DEBUG	provider-gcp	gvk is ready	{"gvk": "compute.gcp.upbound.io/v1beta2, Kind=Router"}
2026-04-13T22:49:26Z	DEBUG	provider-gcp	gvk is ready	{"gvk": "monitoring.gcp.upbound.io/v1beta1, Kind=CustomService"}
2026-04-13T22:49:26Z	DEBUG	provider-gcp	gvk is ready	{"gvk": "monitoring.gcp.upbound.io/v1beta2, Kind=CustomService"}
2026-04-13T22:49:26Z	DEBUG	provider-gcp	gvk is ready	{"gvk": "compute.gcp.upbound.io/v1beta1, Kind=Disk"}
2026-04-13T22:49:26Z	DEBUG	provider-gcp	gvk is ready	{"gvk": "compute.gcp.upbound.io/v1beta2, Kind=Disk"}
2026-04-13T22:49:26Z	DEBUG	provider-gcp	gvk is ready	{"gvk": "compute.gcp.upbound.io/v1beta1, Kind=InstanceFromTemplate"}
2026-04-13T22:49:26Z	DEBUG	provider-gcp	gvk is ready	{"gvk": "compute.gcp.upbound.io/v1beta2, Kind=InstanceFromTemplate"}
2026-04-13T22:49:26Z	DEBUG	provider-gcp	gvk is ready	{"gvk": "compute.gcp.upbound.io/v1beta1, Kind=PacketMirroring"}
2026-04-13T22:49:26Z	DEBUG	provider-gcp	gvk is ready	{"gvk": "compute.gcp.upbound.io/v1beta2, Kind=PacketMirroring"}
2026-04-13T22:49:26Z	DEBUG	provider-gcp	gvk is ready	{"gvk": "compute.gcp.m.upbound.io/v1beta1, Kind=RegionNetworkFirewallPolicyAssociation"}
2026-04-13T22:49:26Z	DEBUG	provider-gcp	gvk is ready	{"gvk": "compute.gcp.upbound.io/v1beta1, Kind=TargetPool"}
2026-04-13T22:49:26Z	DEBUG	provider-gcp	gvk is ready	{"gvk": "kms.gcp.m.upbound.io/v1beta1, Kind=CryptoKeyIAMMember"}
2026-04-13T22:49:26Z	DEBUG	provider-gcp	gvk is ready	{"gvk": "vertexai.gcp.m.upbound.io/v1beta1, Kind=DeploymentResourcePool"}
2026-04-13T22:49:26Z	DEBUG	provider-gcp	gvk is ready	{"gvk": "compute.gcp.m.upbound.io/v1beta1, Kind=Image"}
2026-04-13T22:49:26Z	DEBUG	provider-gcp	gvk is ready	{"gvk": "compute.gcp.upbound.io/v1beta1, Kind=RegionDiskIAMMember"}
2026-04-13T22:49:26Z	DEBUG	provider-gcp	gvk is ready	{"gvk": "compute.gcp.upbound.io/v1beta2, Kind=RegionDiskIAMMember"}
2026-04-13T22:49:26Z	DEBUG	provider-gcp	gvk is ready	{"gvk": "compute.gcp.upbound.io/v1beta1, Kind=RegionNetworkFirewallPolicyAssociation"}
2026-04-13T22:49:26Z	DEBUG	provider-gcp	gvk is ready	{"gvk": "secretmanager.gcp.m.upbound.io/v1beta1, Kind=Secret"}
2026-04-13T22:49:26Z	DEBUG	provider-gcp	gvk is ready	{"gvk": "kms.gcp.m.upbound.io/v1beta1, Kind=CryptoKeyVersion"}
2026-04-13T22:49:26Z	DEBUG	provider-gcp	gvk is ready	{"gvk": "vertexai.gcp.upbound.io/v1beta1, Kind=Index"}
2026-04-13T22:49:26Z	DEBUG	provider-gcp	gvk is ready	{"gvk": "compute.gcp.m.upbound.io/v1beta1, Kind=InstanceGroupManager"}
2026-04-13T22:49:26Z	DEBUG	provider-gcp	gvk is ready	{"gvk": "compute.gcp.m.upbound.io/v1beta1, Kind=NetworkEndpoint"}
2026-04-13T22:49:26Z	DEBUG	provider-gcp	gvk is ready	{"gvk": "compute.gcp.upbound.io/v1beta1, Kind=NodeTemplate"}
2026-04-13T22:49:26Z	DEBUG	provider-gcp	gvk is ready	{"gvk": "compute.gcp.upbound.io/v1beta2, Kind=NodeTemplate"}
2026-04-13T22:49:26Z	DEBUG	provider-gcp	gvk is ready	{"gvk": "compute.gcp.upbound.io/v1beta1, Kind=RegionSSLCertificate"}
2026-04-13T22:49:26Z	DEBUG	provider-gcp	gvk is ready	{"gvk": "compute.gcp.upbound.io/v1beta1, Kind=ExternalVPNGateway"}
2026-04-13T22:49:26Z	DEBUG	provider-gcp	gvk is ready	{"gvk": "compute.gcp.m.upbound.io/v1beta1, Kind=GlobalNetworkEndpoint"}
2026-04-13T22:49:26Z	DEBUG	provider-gcp	gvk is ready	{"gvk": "kms.gcp.m.upbound.io/v1beta1, Kind=KeyHandle"}
2026-04-13T22:49:26Z	DEBUG	provider-gcp	gvk is ready	{"gvk": "kms.gcp.upbound.io/v1beta1, Kind=KeyRingIAMMember"}
2026-04-13T22:49:26Z	DEBUG	provider-gcp	gvk is ready	{"gvk": "kms.gcp.upbound.io/v1beta2, Kind=KeyRingIAMMember"}
2026-04-13T22:49:26Z	DEBUG	provider-gcp	gvk is ready	{"gvk": "monitoring.gcp.upbound.io/v1beta1, Kind=NotificationChannel"}
2026-04-13T22:49:26Z	DEBUG	provider-gcp	gvk is ready	{"gvk": "monitoring.gcp.upbound.io/v1beta2, Kind=NotificationChannel"}
2026-04-13T22:49:26Z	DEBUG	provider-gcp	gvk is ready	{"gvk": "compute.gcp.m.upbound.io/v1beta1, Kind=RegionNetworkEndpointGroup"}
2026-04-13T22:49:26Z	DEBUG	provider-gcp	gvk is ready	{"gvk": "secretmanager.gcp.m.upbound.io/v1beta1, Kind=SecretIAMMember"}
2026-04-13T22:49:26Z	DEBUG	provider-gcp	gvk is ready	{"gvk": "cloudplatform.gcp.m.upbound.io/v1beta1, Kind=FolderIAMMember"}
2026-04-13T22:49:26Z	DEBUG	provider-gcp	gvk is ready	{"gvk": "dataform.gcp-beta.upbound.io/v1beta1, Kind=RepositoryReleaseConfig"}
2026-04-13T22:49:26Z	DEBUG	provider-gcp	gvk is ready	{"gvk": "compute.gcp.upbound.io/v1beta1, Kind=RouterNAT"}
2026-04-13T22:49:26Z	DEBUG	provider-gcp	gvk is ready	{"gvk": "compute.gcp.upbound.io/v1beta2, Kind=RouterNAT"}
2026-04-13T22:49:26Z	DEBUG	provider-gcp	gvk is ready	{"gvk": "compute.gcp.m.upbound.io/v1beta1, Kind=SSLPolicy"}
2026-04-13T22:49:26Z	DEBUG	provider-gcp	gvk is ready	{"gvk": "compute.gcp.m.upbound.io/v1beta1, Kind=TargetTCPProxy"}
2026-04-13T22:49:26Z	DEBUG	provider-gcp	gvk is ready	{"gvk": "compute.gcp.m.upbound.io/v1beta1, Kind=HealthCheck"}
2026-04-13T22:49:26Z	DEBUG	provider-gcp	gvk is ready	{"gvk": "compute.gcp.upbound.io/v1beta1, Kind=ProjectMetadata"}
2026-04-13T22:49:26Z	DEBUG	provider-gcp	gvk is ready	{"gvk": "compute.gcp.upbound.io/v1beta1, Kind=RegionURLMap"}
2026-04-13T22:49:26Z	DEBUG	provider-gcp	gvk is ready	{"gvk": "compute.gcp.upbound.io/v1beta2, Kind=RegionURLMap"}
2026-04-13T22:49:26Z	DEBUG	provider-gcp	gvk is ready	{"gvk": "compute.gcp.upbound.io/v1beta1, Kind=Reservation"}
2026-04-13T22:49:26Z	DEBUG	provider-gcp	gvk is ready	{"gvk": "compute.gcp.upbound.io/v1beta2, Kind=Reservation"}
2026-04-13T22:49:26Z	DEBUG	provider-gcp	gvk is ready	{"gvk": "compute.gcp.m.upbound.io/v1beta1, Kind=GlobalForwardingRule"}
2026-04-13T22:49:26Z	DEBUG	provider-gcp	gvk is ready	{"gvk": "cloudplatform.gcp.m.upbound.io/v1beta1, Kind=ProjectIAMMember"}
2026-04-13T22:49:26Z	DEBUG	provider-gcp	gvk is ready	{"gvk": "compute.gcp.m.upbound.io/v1beta1, Kind=RegionPerInstanceConfig"}
2026-04-13T22:49:26Z	DEBUG	provider-gcp	gvk is ready	{"gvk": "monitoring.gcp.m.upbound.io/v1beta1, Kind=MetricDescriptor"}
2026-04-13T22:49:26Z	DEBUG	provider-gcp	gvk is ready	{"gvk": "compute.gcp.upbound.io/v1beta1, Kind=ProjectDefaultNetworkTier"}
2026-04-13T22:49:26Z	DEBUG	provider-gcp	gvk is ready	{"gvk": "compute.gcp.upbound.io/v1beta1, Kind=RegionDisk"}
2026-04-13T22:49:26Z	DEBUG	provider-gcp	gvk is ready	{"gvk": "compute.gcp.upbound.io/v1beta2, Kind=RegionDisk"}
2026-04-13T22:49:26Z	DEBUG	provider-gcp	gvk is ready	{"gvk": "dataform.gcp-beta.m.upbound.io/v1beta1, Kind=Repository"}
2026-04-13T22:49:26Z	DEBUG	provider-gcp	gvk is ready	{"gvk": "compute.gcp.m.upbound.io/v1beta1, Kind=RouterNAT"}
2026-04-13T22:49:26Z	DEBUG	provider-gcp	gvk is ready	{"gvk": "bigquery.gcp.upbound.io/v1beta1, Kind=DataTransferConfig"}
2026-04-13T22:49:26Z	DEBUG	provider-gcp	gvk is ready	{"gvk": "bigquery.gcp.upbound.io/v1beta2, Kind=DataTransferConfig"}
2026-04-13T22:49:26Z	DEBUG	provider-gcp	gvk is ready	{"gvk": "compute.gcp.m.upbound.io/v1beta1, Kind=RegionDiskResourcePolicyAttachment"}
2026-04-13T22:49:26Z	DEBUG	provider-gcp	gvk is ready	{"gvk": "cloudplatform.gcp.m.upbound.io/v1beta1, Kind=ProjectDefaultServiceAccounts"}
2026-04-13T22:49:26Z	DEBUG	provider-gcp	gvk is ready	{"gvk": "pkg.crossplane.io/v1, Kind=Configuration"}
2026-04-13T22:49:26Z	DEBUG	provider-gcp	gvk is ready	{"gvk": "bigquery.gcp.m.upbound.io/v1beta1, Kind=DatasetIAMBinding"}
2026-04-13T22:49:26Z	DEBUG	provider-gcp	gvk is ready	{"gvk": "cloudplatform.gcp.m.upbound.io/v1beta1, Kind=Folder"}
2026-04-13T22:49:26Z	DEBUG	provider-gcp	gvk is ready	{"gvk": "compute.gcp.upbound.io/v1beta1, Kind=NetworkAttachment"}
2026-04-13T22:49:26Z	DEBUG	provider-gcp	gvk is ready	{"gvk": "compute.gcp.upbound.io/v1beta1, Kind=RegionTargetTCPProxy"}
2026-04-13T22:49:26Z	DEBUG	provider-gcp	gvk is ready	{"gvk": "compute.gcp.upbound.io/v1beta1, Kind=VPNGateway"}
2026-04-13T22:49:26Z	DEBUG	provider-gcp	gvk is ready	{"gvk": "compute.gcp.upbound.io/v1beta1, Kind=VPNTunnel"}
2026-04-13T22:49:26Z	DEBUG	provider-gcp	gvk is ready	{"gvk": "vertexai.gcp.m.upbound.io/v1beta1, Kind=FeatureOnlineStoreFeatureview"}
2026-04-13T22:49:26Z	DEBUG	provider-gcp	gvk is ready	{"gvk": "vertexai.gcp.upbound.io/v1beta1, Kind=IndexEndpoint"}
2026-04-13T22:49:26Z	DEBUG	provider-gcp	gvk is ready	{"gvk": "compute.gcp.m.upbound.io/v1beta1, Kind=InstanceIAMMember"}
2026-04-13T22:49:26Z	DEBUG	provider-gcp	gvk is ready	{"gvk": "monitoring.gcp.upbound.io/v1beta1, Kind=MetricDescriptor"}
2026-04-13T22:49:26Z	DEBUG	provider-gcp	gvk is ready	{"gvk": "monitoring.gcp.upbound.io/v1beta2, Kind=MetricDescriptor"}
2026-04-13T22:49:26Z	DEBUG	provider-gcp	gvk is ready	{"gvk": "compute.gcp.m.upbound.io/v1beta1, Kind=RegionSSLPolicy"}
2026-04-13T22:49:26Z	DEBUG	provider-gcp	gvk is ready	{"gvk": "bigquery.gcp.upbound.io/v1beta1, Kind=Routine"}
2026-04-13T22:49:26Z	DEBUG	provider-gcp	gvk is ready	{"gvk": "bigquery.gcp.upbound.io/v1beta2, Kind=Routine"}
2026-04-13T22:49:26Z	DEBUG	provider-gcp	gvk is ready	{"gvk": "monitoring.gcp.m.upbound.io/v1beta1, Kind=Service"}
2026-04-13T22:49:26Z	DEBUG	provider-gcp	gvk is ready	{"gvk": "compute.gcp.m.upbound.io/v1beta1, Kind=Subnetwork"}
2026-04-13T22:49:26Z	DEBUG	provider-gcp	gvk is ready	{"gvk": "compute.gcp.upbound.io/v1beta1, Kind=Autoscaler"}
2026-04-13T22:49:26Z	DEBUG	provider-gcp	gvk is ready	{"gvk": "compute.gcp.upbound.io/v1beta2, Kind=Autoscaler"}
2026-04-13T22:49:26Z	DEBUG	provider-gcp	gvk is ready	{"gvk": "monitoring.gcp.m.upbound.io/v1beta1, Kind=CustomService"}
2026-04-13T22:49:26Z	DEBUG	provider-gcp	gvk is ready	{"gvk": "vertexai.gcp.m.upbound.io/v1beta1, Kind=FeaturestoreEntitytype"}
2026-04-13T22:49:26Z	DEBUG	provider-gcp	gvk is ready	{"gvk": "cloudplatform.gcp.upbound.io/v1beta1, Kind=Project"}
2026-04-13T22:49:26Z	DEBUG	provider-gcp	gvk is ready	{"gvk": "pkg.crossplane.io/v1, Kind=Provider"}
2026-04-13T22:49:26Z	DEBUG	provider-gcp	gvk is ready	{"gvk": "compute.gcp.m.upbound.io/v1beta1, Kind=RouterPeer"}
2026-04-13T22:49:26Z	DEBUG	provider-gcp	gvk is ready	{"gvk": "compute.gcp.upbound.io/v1beta1, Kind=Subnetwork"}
2026-04-13T22:49:26Z	DEBUG	provider-gcp	gvk is ready	{"gvk": "compute.gcp.upbound.io/v1beta2, Kind=Subnetwork"}
2026-04-13T22:49:26Z	DEBUG	provider-gcp	gvk is ready	{"gvk": "compute.gcp.upbound.io/v1beta1, Kind=TargetHTTPProxy"}
2026-04-13T22:49:26Z	DEBUG	provider-gcp	gvk is ready	{"gvk": "compute.gcp.upbound.io/v1beta1, Kind=NetworkPeeringRoutesConfig"}
2026-04-13T22:49:26Z	DEBUG	provider-gcp	gvk is ready	{"gvk": "cloudplatform.gcp.m.upbound.io/v1beta1, Kind=OrganizationIAMCustomRole"}
2026-04-13T22:49:26Z	DEBUG	provider-gcp	gvk is ready	{"gvk": "bigquery.gcp.m.upbound.io/v1beta1, Kind=AnalyticsHubDataExchange"}
2026-04-13T22:49:26Z	DEBUG	provider-gcp	gvk is ready	{"gvk": "compute.gcp.m.upbound.io/v1beta1, Kind=BackendBucketSignedURLKey"}
2026-04-13T22:49:26Z	DEBUG	provider-gcp	gvk is ready	{"gvk": "cloudplatform.gcp.upbound.io/v1beta1, Kind=ServiceAccountIAMMember"}
2026-04-13T22:49:26Z	DEBUG	provider-gcp	gvk is ready	{"gvk": "cloudplatform.gcp.upbound.io/v1beta2, Kind=ServiceAccountIAMMember"}
2026-04-13T22:49:26Z	DEBUG	provider-gcp	gvk is ready	{"gvk": "compute.gcp.m.upbound.io/v1beta1, Kind=DiskResourcePolicyAttachment"}
2026-04-13T22:49:26Z	DEBUG	provider-gcp	gvk is ready	{"gvk": "compute.gcp.m.upbound.io/v1beta1, Kind=Instance"}
2026-04-13T22:49:26Z	DEBUG	provider-gcp	gvk is ready	{"gvk": "compute.gcp.upbound.io/v1beta1, Kind=Instance"}
2026-04-13T22:49:26Z	DEBUG	provider-gcp	gvk is ready	{"gvk": "compute.gcp.upbound.io/v1beta2, Kind=Instance"}
2026-04-13T22:49:26Z	DEBUG	provider-gcp	gvk is ready	{"gvk": "compute.gcp.m.upbound.io/v1beta1, Kind=NetworkPeeringRoutesConfig"}
2026-04-13T22:49:26Z	DEBUG	provider-gcp	gvk is ready	{"gvk": "compute.gcp.m.upbound.io/v1beta1, Kind=RegionNetworkEndpoint"}
2026-04-13T22:49:26Z	DEBUG	provider-gcp	gvk is ready	{"gvk": "compute.gcp.upbound.io/v1beta1, Kind=TargetInstance"}
2026-04-13T22:49:26Z	DEBUG	provider-gcp	gvk is ready	{"gvk": "bigquery.gcp.upbound.io/v1beta1, Kind=DatasetAccess"}
2026-04-13T22:49:26Z	DEBUG	provider-gcp	gvk is ready	{"gvk": "bigquery.gcp.upbound.io/v1beta2, Kind=DatasetAccess"}
2026-04-13T22:49:26Z	DEBUG	provider-gcp	gvk is ready	{"gvk": "monitoring.gcp.m.upbound.io/v1beta1, Kind=SLO"}
2026-04-13T22:49:26Z	DEBUG	provider-gcp	gvk is ready	{"gvk": "vertexai.gcp.upbound.io/v1beta1, Kind=Dataset"}
2026-04-13T22:49:26Z	DEBUG	provider-gcp	gvk is ready	{"gvk": "vertexai.gcp.upbound.io/v1beta2, Kind=Dataset"}
2026-04-13T22:49:26Z	DEBUG	provider-gcp	gvk is ready	{"gvk": "compute.gcp.upbound.io/v1beta1, Kind=PerInstanceConfig"}
2026-04-13T22:49:26Z	DEBUG	provider-gcp	gvk is ready	{"gvk": "compute.gcp.upbound.io/v1beta2, Kind=PerInstanceConfig"}
2026-04-13T22:49:26Z	DEBUG	provider-gcp	gvk is ready	{"gvk": "compute.gcp.upbound.io/v1beta1, Kind=RegionNetworkEndpointGroup"}
2026-04-13T22:49:26Z	DEBUG	provider-gcp	gvk is ready	{"gvk": "compute.gcp.upbound.io/v1beta2, Kind=RegionNetworkEndpointGroup"}
2026-04-13T22:49:26Z	DEBUG	provider-gcp	gvk is ready	{"gvk": "compute.gcp.upbound.io/v1beta1, Kind=RegionNetworkEndpoint"}
2026-04-13T22:49:26Z	DEBUG	provider-gcp	gvk is ready	{"gvk": "compute.gcp.m.upbound.io/v1beta1, Kind=RegionSSLCertificate"}
2026-04-13T22:49:26Z	DEBUG	provider-gcp	gvk is ready	{"gvk": "compute.gcp.m.upbound.io/v1beta1, Kind=RouterInterface"}
2026-04-13T22:49:26Z	DEBUG	provider-gcp	gvk is ready	{"gvk": "compute.gcp.m.upbound.io/v1beta1, Kind=TargetGRPCProxy"}
2026-04-13T22:49:26Z	DEBUG	provider-gcp	gvk is ready	{"gvk": "bigquery.gcp.upbound.io/v1beta1, Kind=AnalyticsHubListingSubscription"}
2026-04-13T22:49:26Z	DEBUG	provider-gcp	gvk is ready	{"gvk": "compute.gcp.upbound.io/v1beta1, Kind=NetworkPeering"}
2026-04-13T22:49:26Z	DEBUG	provider-gcp	gvk is ready	{"gvk": "gcp-beta.upbound.io/v1beta1, Kind=ProviderConfig"}
2026-04-13T22:49:26Z	DEBUG	provider-gcp	gvk is ready	{"gvk": "compute.gcp.m.upbound.io/v1beta1, Kind=RegionTargetTCPProxy"}
2026-04-13T22:49:26Z	DEBUG	provider-gcp	gvk is ready	{"gvk": "vertexai.gcp.m.upbound.io/v1beta1, Kind=Tensorboard"}
2026-04-13T22:49:26Z	DEBUG	provider-gcp	gvk is ready	{"gvk": "vertexai.gcp.m.upbound.io/v1beta1, Kind=Endpoint"}
2026-04-13T22:49:26Z	DEBUG	provider-gcp	gvk is ready	{"gvk": "modelarmor.gcp.upbound.io/v1beta1, Kind=Floorsetting"}
2026-04-13T22:49:26Z	DEBUG	provider-gcp	gvk is ready	{"gvk": "compute.gcp.m.upbound.io/v1beta1, Kind=InstanceGroupNamedPort"}
2026-04-13T22:49:26Z	DEBUG	provider-gcp	gvk is ready	{"gvk": "compute.gcp.upbound.io/v1beta1, Kind=InstanceTemplate"}
2026-04-13T22:49:26Z	DEBUG	provider-gcp	gvk is ready	{"gvk": "compute.gcp.upbound.io/v1beta2, Kind=InstanceTemplate"}
2026-04-13T22:49:26Z	DEBUG	provider-gcp	gvk is ready	{"gvk": "compute.gcp.m.upbound.io/v1beta1, Kind=ProjectDefaultNetworkTier"}
2026-04-13T22:49:26Z	DEBUG	provider-gcp	gvk is ready	{"gvk": "billing.gcp.m.upbound.io/v1beta1, Kind=Budget"}
2026-04-13T22:49:26Z	DEBUG	provider-gcp	gvk is ready	{"gvk": "modelarmor.gcp.m.upbound.io/v1beta1, Kind=Floorsetting"}
2026-04-13T22:49:26Z	DEBUG	provider-gcp	gvk is ready	{"gvk": "cloudplatform.gcp.m.upbound.io/v1beta1, Kind=ProjectService"}
2026-04-13T22:49:26Z	DEBUG	provider-gcp	gvk is ready	{"gvk": "compute.gcp.m.upbound.io/v1beta1, Kind=RegionBackendService"}
2026-04-13T22:49:26Z	DEBUG	provider-gcp	gvk is ready	{"gvk": "compute.gcp.m.upbound.io/v1beta1, Kind=RegionDisk"}
2026-04-13T22:49:26Z	DEBUG	provider-gcp	gvk is ready	{"gvk": "compute.gcp.m.upbound.io/v1beta1, Kind=SubnetworkIAMMember"}
2026-04-13T22:49:26Z	DEBUG	provider-gcp	gvk is ready	{"gvk": "bigquery.gcp.m.upbound.io/v1beta1, Kind=TableIAMMember"}
2026-04-13T22:49:26Z	DEBUG	provider-gcp	gvk is ready	{"gvk": "compute.gcp.m.upbound.io/v1beta1, Kind=DiskIAMMember"}
2026-04-13T22:49:26Z	DEBUG	provider-gcp	gvk is ready	{"gvk": "compute.gcp.upbound.io/v1beta1, Kind=GlobalForwardingRule"}
2026-04-13T22:49:26Z	DEBUG	provider-gcp	gvk is ready	{"gvk": "compute.gcp.upbound.io/v1beta2, Kind=GlobalForwardingRule"}
2026-04-13T22:49:26Z	DEBUG	provider-gcp	gvk is ready	{"gvk": "compute.gcp.upbound.io/v1beta1, Kind=GlobalNetworkEndpointGroup"}
2026-04-13T22:49:26Z	DEBUG	provider-gcp	gvk is ready	{"gvk": "compute.gcp.upbound.io/v1beta1, Kind=NetworkFirewallPolicyAssociation"}
2026-04-13T22:49:26Z	DEBUG	provider-gcp	gvk is ready	{"gvk": "pkg.crossplane.io/v1, Kind=ProviderRevision"}
2026-04-13T22:49:26Z	DEBUG	provider-gcp	gvk is ready	{"gvk": "dataform.gcp-beta.upbound.io/v1beta1, Kind=RepositoryWorkflowConfig"}
2026-04-13T22:49:26Z	DEBUG	provider-gcp	gvk is ready	{"gvk": "cloudplatform.gcp.upbound.io/v1beta1, Kind=ServiceAccount"}
2026-04-13T22:49:26Z	DEBUG	provider-gcp	gvk is ready	{"gvk": "compute.gcp.m.upbound.io/v1beta1, Kind=ForwardingRule"}
2026-04-13T22:49:26Z	DEBUG	provider-gcp	gvk is ready	{"gvk": "monitoring.gcp.upbound.io/v1beta1, Kind=AlertPolicy"}
2026-04-13T22:49:26Z	DEBUG	provider-gcp	gvk is ready	{"gvk": "monitoring.gcp.upbound.io/v1beta2, Kind=AlertPolicy"}
2026-04-13T22:49:26Z	DEBUG	provider-gcp	gvk is ready	{"gvk": "monitoring.gcp.upbound.io/v1beta1, Kind=Group"}
2026-04-13T22:49:26Z	DEBUG	provider-gcp	gvk is ready	{"gvk": "compute.gcp.m.upbound.io/v1beta1, Kind=InterconnectAttachment"}
2026-04-13T22:49:26Z	DEBUG	provider-gcp	gvk is ready	{"gvk": "compute.gcp.m.upbound.io/v1beta1, Kind=SharedVPCServiceProject"}
2026-04-13T22:49:26Z	DEBUG	provider-gcp	gvk is ready	{"gvk": "bigquery.gcp.m.upbound.io/v1beta1, Kind=AnalyticsHubListing"}
2026-04-13T22:49:26Z	DEBUG	provider-gcp	gvk is ready	{"gvk": "apiextensions.crossplane.io/v1, Kind=Composition"}
2026-04-13T22:49:26Z	DEBUG	provider-gcp	gvk is ready	{"gvk": "compute.gcp.m.upbound.io/v1beta1, Kind=PerInstanceConfig"}
2026-04-13T22:49:26Z	DEBUG	provider-gcp	gvk is ready	{"gvk": "cloudplatform.gcp.upbound.io/v1beta1, Kind=ProjectIAMCustomRole"}
2026-04-13T22:49:26Z	DEBUG	provider-gcp	gvk is ready	{"gvk": "vertexai.gcp.m.upbound.io/v1beta1, Kind=RagEngineConfig"}
2026-04-13T22:49:26Z	DEBUG	provider-gcp	gvk is ready	{"gvk": "compute.gcp.upbound.io/v1beta1, Kind=SSLCertificate"}
2026-04-13T22:49:26Z	DEBUG	provider-gcp	gvk is ready	{"gvk": "compute.gcp.upbound.io/v1beta1, Kind=URLMap"}
2026-04-13T22:49:26Z	DEBUG	provider-gcp	gvk is ready	{"gvk": "compute.gcp.upbound.io/v1beta2, Kind=URLMap"}
2026-04-13T22:49:26Z	DEBUG	provider-gcp	gvk is ready	{"gvk": "bigquery.gcp.m.upbound.io/v1beta1, Kind=AnalyticsHubListingSubscription"}
2026-04-13T22:49:26Z	DEBUG	provider-gcp	gvk is ready	{"gvk": "servicenetworking.gcp.upbound.io/v1beta1, Kind=Connection"}
2026-04-13T22:49:26Z	DEBUG	provider-gcp	gvk is ready	{"gvk": "compute.gcp.upbound.io/v1beta2, Kind=ForwardingRule"}
2026-04-13T22:49:26Z	DEBUG	provider-gcp	gvk is ready	{"gvk": "compute.gcp.upbound.io/v1beta1, Kind=ForwardingRule"}
2026-04-13T22:49:26Z	DEBUG	provider-gcp	gvk is ready	{"gvk": "compute.gcp.m.upbound.io/v1beta1, Kind=InstanceTemplate"}
2026-04-13T22:49:26Z	DEBUG	provider-gcp	gvk is ready	{"gvk": "compute.gcp.upbound.io/v1beta1, Kind=NodeGroup"}
2026-04-13T22:49:26Z	DEBUG	provider-gcp	gvk is ready	{"gvk": "compute.gcp.upbound.io/v1beta2, Kind=NodeGroup"}
2026-04-13T22:49:26Z	DEBUG	provider-gcp	gvk is ready	{"gvk": "compute.gcp.upbound.io/v1beta2, Kind=SecurityPolicy"}
2026-04-13T22:49:26Z	DEBUG	provider-gcp	gvk is ready	{"gvk": "compute.gcp.upbound.io/v1beta1, Kind=SecurityPolicy"}
2026-04-13T22:49:26Z	DEBUG	provider-gcp	gvk is ready	{"gvk": "compute.gcp.m.upbound.io/v1beta1, Kind=SharedVPCHostProject"}
2026-04-13T22:49:26Z	DEBUG	provider-gcp	gvk is ready	{"gvk": "bigquery.gcp.upbound.io/v1beta1, Kind=TableIAMBinding"}
2026-04-13T22:49:26Z	DEBUG	provider-gcp	gvk is ready	{"gvk": "bigquery.gcp.upbound.io/v1beta2, Kind=TableIAMBinding"}
2026-04-13T22:49:26Z	DEBUG	provider-gcp	gvk is ready	{"gvk": "vertexai.gcp.upbound.io/v1beta1, Kind=Featurestore"}
2026-04-13T22:49:26Z	DEBUG	provider-gcp	gvk is ready	{"gvk": "vertexai.gcp.upbound.io/v1beta2, Kind=Featurestore"}
2026-04-13T22:49:26Z	DEBUG	provider-gcp	gvk is ready	{"gvk": "compute.gcp.m.upbound.io/v1beta1, Kind=FirewallPolicyRule"}
2026-04-13T22:49:26Z	DEBUG	provider-gcp	gvk is ready	{"gvk": "pkg.crossplane.io/v1, Kind=FunctionRevision"}
2026-04-13T22:49:26Z	DEBUG	provider-gcp	gvk is ready	{"gvk": "pkg.crossplane.io/v1beta1, Kind=FunctionRevision"}
2026-04-13T22:49:26Z	DEBUG	provider-gcp	gvk is ready	{"gvk": "compute.gcp.m.upbound.io/v1beta1, Kind=HaVPNGateway"}
2026-04-13T22:49:26Z	DEBUG	provider-gcp	gvk is ready	{"gvk": "compute.gcp.m.upbound.io/v1beta1, Kind=NetworkEndpointGroup"}
2026-04-13T22:49:26Z	DEBUG	provider-gcp	gvk is ready	{"gvk": "compute.gcp.m.upbound.io/v1beta1, Kind=NodeGroup"}
2026-04-13T22:49:26Z	DEBUG	provider-gcp	gvk is ready	{"gvk": "compute.gcp.m.upbound.io/v1beta1, Kind=RegionTargetHTTPSProxy"}
2026-04-13T22:49:26Z	DEBUG	provider-gcp	gvk is ready	{"gvk": "bigquery.gcp.m.upbound.io/v1beta1, Kind=Reservation"}
2026-04-13T22:49:26Z	DEBUG	provider-gcp	gvk is ready	{"gvk": "kms.gcp.upbound.io/v1beta1, Kind=CryptoKey"}
2026-04-13T22:49:26Z	DEBUG	provider-gcp	gvk is ready	{"gvk": "kms.gcp.upbound.io/v1beta2, Kind=CryptoKey"}
2026-04-13T22:49:26Z	DEBUG	provider-gcp	gvk is ready	{"gvk": "pkg.crossplane.io/v1, Kind=Function"}
2026-04-13T22:49:26Z	DEBUG	provider-gcp	gvk is ready	{"gvk": "pkg.crossplane.io/v1beta1, Kind=Function"}
2026-04-13T22:49:26Z	DEBUG	provider-gcp	gvk is ready	{"gvk": "vertexai.gcp.m.upbound.io/v1beta1, Kind=IndexEndpoint"}
2026-04-13T22:49:26Z	DEBUG	provider-gcp	gvk is ready	{"gvk": "compute.gcp.m.upbound.io/v1beta1, Kind=NetworkPeering"}
2026-04-13T22:49:26Z	DEBUG	provider-gcp	gvk is ready	{"gvk": "cloudplatform.gcp.m.upbound.io/v1beta1, Kind=ServiceNetworkingPeeredDNSDomain"}
2026-04-13T22:49:26Z	DEBUG	provider-gcp	gvk is ready	{"gvk": "secrets.crossplane.io/v1alpha1, Kind=StoreConfig"}
2026-04-13T22:49:26Z	DEBUG	provider-gcp	gvk is ready	{"gvk": "bigquery.gcp.upbound.io/v1beta1, Kind=AnalyticsHubListing"}
2026-04-13T22:49:26Z	DEBUG	provider-gcp	gvk is ready	{"gvk": "bigquery.gcp.upbound.io/v1beta2, Kind=AnalyticsHubListing"}
2026-04-13T22:49:26Z	DEBUG	provider-gcp	gvk is ready	{"gvk": "bigquery.gcp.m.upbound.io/v1beta1, Kind=AnalyticsHubDataExchangeIAMMember"}
2026-04-13T22:49:26Z	DEBUG	provider-gcp	gvk is ready	{"gvk": "kms.gcp.upbound.io/v1beta1, Kind=KeyHandle"}
2026-04-13T22:49:26Z	DEBUG	provider-gcp	gvk is ready	{"gvk": "compute.gcp.upbound.io/v1beta1, Kind=ManagedSSLCertificate"}
2026-04-13T22:49:26Z	DEBUG	provider-gcp	gvk is ready	{"gvk": "compute.gcp.upbound.io/v1beta2, Kind=ManagedSSLCertificate"}
2026-04-13T22:49:26Z	DEBUG	provider-gcp	gvk is ready	{"gvk": "cloudplatform.gcp.upbound.io/v1beta1, Kind=ProjectUsageExportBucket"}
2026-04-13T22:49:26Z	DEBUG	provider-gcp	gvk is ready	{"gvk": "compute.gcp.upbound.io/v1beta1, Kind=ResourcePolicy"}
2026-04-13T22:49:26Z	DEBUG	provider-gcp	gvk is ready	{"gvk": "compute.gcp.upbound.io/v1beta2, Kind=ResourcePolicy"}
2026-04-13T22:49:26Z	DEBUG	provider-gcp	gvk is ready	{"gvk": "compute.gcp.upbound.io/v1beta1, Kind=SharedVPCHostProject"}
2026-04-13T22:49:26Z	DEBUG	provider-gcp	gvk is ready	{"gvk": "bigquery.gcp.m.upbound.io/v1beta1, Kind=TableIAMPolicy"}
2026-04-13T22:49:26Z	DEBUG	provider-gcp	gvk is ready	{"gvk": "compute.gcp.upbound.io/v1beta1, Kind=AttachedDisk"}
2026-04-13T22:49:26Z	DEBUG	provider-gcp	gvk is ready	{"gvk": "bigquery.gcp.m.upbound.io/v1beta1, Kind=Connection"}
2026-04-13T22:49:26Z	DEBUG	provider-gcp	gvk is ready	{"gvk": "vertexai.gcp.upbound.io/v1beta1, Kind=FeatureOnlineStore"}
2026-04-13T22:49:26Z	DEBUG	provider-gcp	gvk is ready	{"gvk": "compute.gcp.m.upbound.io/v1beta1, Kind=RegionAutoscaler"}
2026-04-13T22:49:26Z	DEBUG	provider-gcp	gvk is ready	{"gvk": "example.com/v1alpha1, Kind=Simple"}
2026-04-13T22:49:26Z	DEBUG	provider-gcp	gvk is ready	{"gvk": "example.com/v1alpha2, Kind=Simple"}
2026-04-13T22:49:26Z	DEBUG	provider-gcp	gvk is ready	{"gvk": "bigquery.gcp.m.upbound.io/v1beta1, Kind=Table"}
2026-04-13T22:49:26Z	DEBUG	provider-gcp	gvk is ready	{"gvk": "compute.gcp.m.upbound.io/v1beta1, Kind=Network"}
2026-04-13T22:49:26Z	DEBUG	provider-gcp	gvk is ready	{"gvk": "compute.gcp.upbound.io/v1beta1, Kind=RegionPerInstanceConfig"}
2026-04-13T22:49:26Z	DEBUG	provider-gcp	gvk is ready	{"gvk": "compute.gcp.upbound.io/v1beta2, Kind=RegionPerInstanceConfig"}
2026-04-13T22:49:26Z	DEBUG	provider-gcp	gvk is ready	{"gvk": "bigquery.gcp.upbound.io/v1beta1, Kind=Table"}
2026-04-13T22:49:26Z	DEBUG	provider-gcp	gvk is ready	{"gvk": "bigquery.gcp.upbound.io/v1beta2, Kind=Table"}
2026-04-13T22:49:26Z	DEBUG	provider-gcp	gvk is ready	{"gvk": "bigquery.gcp.upbound.io/v1beta1, Kind=DatasetIAMPolicy"}
2026-04-13T22:49:26Z	DEBUG	provider-gcp	gvk is ready	{"gvk": "compute.gcp.m.upbound.io/v1beta1, Kind=InstanceFromTemplate"}
2026-04-13T22:49:26Z	DEBUG	provider-gcp	gvk is ready	{"gvk": "compute.gcp.m.upbound.io/v1beta1, Kind=ServiceAttachment"}
2026-04-13T22:49:26Z	DEBUG	provider-gcp	gvk is ready	{"gvk": "compute.gcp.m.upbound.io/v1beta1, Kind=Disk"}
2026-04-13T22:49:26Z	DEBUG	provider-gcp	gvk is ready	{"gvk": "cloudplatform.gcp.upbound.io/v1beta1, Kind=FolderIAMMember"}
2026-04-13T22:49:26Z	DEBUG	provider-gcp	gvk is ready	{"gvk": "cloudplatform.gcp.upbound.io/v1beta2, Kind=FolderIAMMember"}
2026-04-13T22:49:26Z	DEBUG	provider-gcp	gvk is ready	{"gvk": "compute.gcp.m.upbound.io/v1beta1, Kind=InstanceGroup"}
2026-04-13T22:49:26Z	DEBUG	provider-gcp	gvk is ready	{"gvk": "compute.gcp.upbound.io/v1beta1, Kind=Network"}
2026-04-13T22:49:26Z	DEBUG	provider-gcp	gvk is ready	{"gvk": "cloudplatform.gcp.upbound.io/v1beta1, Kind=OrganizationIAMAuditConfig"}
2026-04-13T22:49:26Z	DEBUG	provider-gcp	gvk is ready	{"gvk": "gcp-beta.m.upbound.io/v1beta1, Kind=ProviderConfigUsage"}
2026-04-13T22:49:26Z	DEBUG	provider-gcp	gvk is ready	{"gvk": "cloudplatform.gcp.upbound.io/v1beta1, Kind=ServiceAccountKey"}
2026-04-13T22:49:26Z	DEBUG	provider-gcp	gvk is ready	{"gvk": "compute.gcp.m.upbound.io/v1beta1, Kind=SSLCertificate"}
2026-04-13T22:49:26Z	DEBUG	provider-gcp	gvk is ready	{"gvk": "bigquery.gcp.upbound.io/v1beta1, Kind=Job"}
2026-04-13T22:49:26Z	DEBUG	provider-gcp	gvk is ready	{"gvk": "bigquery.gcp.upbound.io/v1beta2, Kind=Job"}
2026-04-13T22:49:26Z	DEBUG	provider-gcp	gvk is ready	{"gvk": "compute.gcp.upbound.io/v1beta1, Kind=SubnetworkIAMMember"}
2026-04-13T22:49:26Z	DEBUG	provider-gcp	gvk is ready	{"gvk": "compute.gcp.upbound.io/v1beta2, Kind=SubnetworkIAMMember"}
2026-04-13T22:49:26Z	DEBUG	provider-gcp	gvk is ready	{"gvk": "bigquery.gcp.upbound.io/v1beta1, Kind=TableIAMPolicy"}
2026-04-13T22:49:26Z	DEBUG	provider-gcp	gvk is ready	{"gvk": "modelarmor.gcp.upbound.io/v1beta1, Kind=Template"}
2026-04-13T22:49:26Z	DEBUG	provider-gcp	gvk is ready	{"gvk": "vertexai.gcp.upbound.io/v1beta1, Kind=Tensorboard"}
2026-04-13T22:49:26Z	DEBUG	provider-gcp	gvk is ready	{"gvk": "vertexai.gcp.upbound.io/v1beta2, Kind=Tensorboard"}
2026-04-13T22:49:26Z	DEBUG	provider-gcp	gvk is ready	{"gvk": "monitoring.gcp.upbound.io/v1beta1, Kind=UptimeCheckConfig"}
2026-04-13T22:49:26Z	DEBUG	provider-gcp	gvk is ready	{"gvk": "monitoring.gcp.upbound.io/v1beta2, Kind=UptimeCheckConfig"}
2026-04-13T22:49:26Z	DEBUG	provider-gcp	gvk is ready	{"gvk": "kms.gcp.upbound.io/v1beta2, Kind=CryptoKeyIAMMember"}
2026-04-13T22:49:26Z	DEBUG	provider-gcp	gvk is ready	{"gvk": "kms.gcp.upbound.io/v1beta1, Kind=CryptoKeyIAMMember"}
2026-04-13T22:49:26Z	DEBUG	provider-gcp	gvk is ready	{"gvk": "monitoring.gcp.m.upbound.io/v1beta1, Kind=Dashboard"}
2026-04-13T22:49:26Z	DEBUG	provider-gcp	gvk is ready	{"gvk": "bigquery.gcp.upbound.io/v1beta1, Kind=DatasetIAMMember"}
2026-04-13T22:49:26Z	DEBUG	provider-gcp	gvk is ready	{"gvk": "bigquery.gcp.upbound.io/v1beta2, Kind=DatasetIAMMember"}
2026-04-13T22:49:26Z	DEBUG	provider-gcp	gvk is ready	{"gvk": "vertexai.gcp.m.upbound.io/v1beta1, Kind=Dataset"}
2026-04-13T22:49:26Z	DEBUG	provider-gcp	gvk is ready	{"gvk": "compute.gcp.upbound.io/v1beta1, Kind=GlobalNetworkEndpoint"}
2026-04-13T22:49:26Z	DEBUG	provider-gcp	gvk is ready	{"gvk": "compute.gcp.m.upbound.io/v1beta1, Kind=NetworkFirewallPolicyAssociation"}
2026-04-13T22:49:26Z	DEBUG	provider-gcp	gvk is ready	{"gvk": "compute.gcp.m.upbound.io/v1beta1, Kind=Router"}
2026-04-13T22:49:26Z	DEBUG	provider-gcp	gvk is ready	{"gvk": "cloudplatform.gcp.m.upbound.io/v1beta1, Kind=ServiceAccountKey"}
2026-04-13T22:49:26Z	DEBUG	provider-gcp	gvk is ready	{"gvk": "bigquery.gcp.m.upbound.io/v1beta1, Kind=DatasetAccess"}
2026-04-13T22:49:26Z	DEBUG	provider-gcp	gvk is ready	{"gvk": "bigquery.gcp.upbound.io/v1beta1, Kind=Dataset"}
2026-04-13T22:49:26Z	DEBUG	provider-gcp	gvk is ready	{"gvk": "bigquery.gcp.upbound.io/v1beta2, Kind=Dataset"}
2026-04-13T22:49:26Z	DEBUG	provider-gcp	gvk is ready	{"gvk": "vertexai.gcp.upbound.io/v1beta1, Kind=Endpoint"}
2026-04-13T22:49:26Z	DEBUG	provider-gcp	gvk is ready	{"gvk": "cloudplatform.gcp.upbound.io/v1beta1, Kind=ProjectIAMAuditConfig"}
2026-04-13T22:49:26Z	DEBUG	provider-gcp	gvk is ready	{"gvk": "compute.gcp.upbound.io/v1beta1, Kind=ServiceAttachment"}
2026-04-13T22:49:26Z	DEBUG	provider-gcp	gvk is ready	{"gvk": "monitoring.gcp.upbound.io/v1beta1, Kind=Service"}
2026-04-13T22:49:26Z	DEBUG	provider-gcp	gvk is ready	{"gvk": "monitoring.gcp.upbound.io/v1beta2, Kind=Service"}
2026-04-13T22:49:26Z	DEBUG	provider-gcp	gvk is ready	{"gvk": "compute.gcp.m.upbound.io/v1beta1, Kind=TargetHTTPSProxy"}
2026-04-13T22:49:26Z	DEBUG	provider-gcp	gvk is ready	{"gvk": "monitoring.gcp.upbound.io/v1beta1, Kind=Dashboard"}
2026-04-13T22:49:26Z	DEBUG	provider-gcp	gvk is ready	{"gvk": "compute.gcp.upbound.io/v1beta1, Kind=DiskIAMMember"}
2026-04-13T22:49:26Z	DEBUG	provider-gcp	gvk is ready	{"gvk": "compute.gcp.upbound.io/v1beta2, Kind=DiskIAMMember"}
2026-04-13T22:49:26Z	DEBUG	provider-gcp	gvk is ready	{"gvk": "vertexai.gcp.m.upbound.io/v1beta1, Kind=EndpointWithModelGardenDeployment"}
2026-04-13T22:49:26Z	DEBUG	provider-gcp	gvk is ready	{"gvk": "compute.gcp.upbound.io/v1beta1, Kind=InstanceIAMMember"}
2026-04-13T22:49:26Z	DEBUG	provider-gcp	gvk is ready	{"gvk": "compute.gcp.upbound.io/v1beta2, Kind=InstanceIAMMember"}
2026-04-13T22:49:26Z	DEBUG	provider-gcp	gvk is ready	{"gvk": "compute.gcp.upbound.io/v1beta1, Kind=SnapshotIAMMember"}
2026-04-13T22:49:26Z	DEBUG	provider-gcp	gvk is ready	{"gvk": "compute.gcp.upbound.io/v1beta2, Kind=SnapshotIAMMember"}
2026-04-13T22:49:26Z	DEBUG	provider-gcp	gvk is ready	{"gvk": "compute.gcp.m.upbound.io/v1beta1, Kind=Snapshot"}
2026-04-13T22:49:26Z	DEBUG	provider-gcp	gvk is ready	{"gvk": "compute.gcp.m.upbound.io/v1beta1, Kind=FirewallPolicyAssociation"}
2026-04-13T22:49:26Z	DEBUG	provider-gcp	gvk is ready	{"gvk": "compute.gcp.upbound.io/v1beta1, Kind=GlobalAddress"}
2026-04-13T22:49:26Z	DEBUG	provider-gcp	gvk is ready	{"gvk": "compute.gcp.m.upbound.io/v1beta1, Kind=ImageIAMMember"}
2026-04-13T22:49:26Z	DEBUG	provider-gcp	gvk is ready	{"gvk": "billing.gcp.upbound.io/v1beta1, Kind=ProjectInfo"}
2026-04-13T22:49:26Z	DEBUG	provider-gcp	gvk is ready	{"gvk": "cloudplatform.gcp.m.upbound.io/v1beta1, Kind=ProjectUsageExportBucket"}
2026-04-13T22:49:26Z	DEBUG	provider-gcp	gvk is ready	{"gvk": "compute.gcp.m.upbound.io/v1beta1, Kind=RegionInstanceGroupManager"}
2026-04-13T22:49:26Z	DEBUG	provider-gcp	gvk is ready	{"gvk": "compute.gcp.upbound.io/v1beta1, Kind=TargetTCPProxy"}
2026-04-13T22:49:26Z	DEBUG	provider-gcp	gvk is ready	{"gvk": "compute.gcp.m.upbound.io/v1beta1, Kind=VPNTunnel"}
2026-04-13T22:49:26Z	DEBUG	provider-gcp	gvk is ready	{"gvk": "vertexai.gcp.m.upbound.io/v1beta1, Kind=FeatureOnlineStore"}
2026-04-13T22:49:26Z	DEBUG	provider-gcp	gvk is ready	{"gvk": "compute.gcp.upbound.io/v1beta1, Kind=HaVPNGateway"}
2026-04-13T22:49:26Z	DEBUG	provider-gcp	gvk is ready	{"gvk": "compute.gcp.upbound.io/v1beta1, Kind=Image"}
2026-04-13T22:49:26Z	DEBUG	provider-gcp	gvk is ready	{"gvk": "compute.gcp.upbound.io/v1beta2, Kind=Image"}
2026-04-13T22:49:26Z	DEBUG	provider-gcp	gvk is ready	{"gvk": "compute.gcp.upbound.io/v1beta1, Kind=NetworkFirewallPolicy"}
2026-04-13T22:49:26Z	DEBUG	provider-gcp	gvk is ready	{"gvk": "compute.gcp.m.upbound.io/v1beta1, Kind=NetworkFirewallPolicyRule"}
2026-04-13T22:49:26Z	DEBUG	provider-gcp	gvk is ready	{"gvk": "dataform.gcp-beta.m.upbound.io/v1beta1, Kind=RepositoryWorkflowConfig"}
2026-04-13T22:49:26Z	DEBUG	provider-gcp	gvk is ready	{"gvk": "bigquery.gcp.upbound.io/v1beta1, Kind=ReservationAssignment"}
2026-04-13T22:49:26Z	DEBUG	provider-gcp	gvk is ready	{"gvk": "compute.gcp.m.upbound.io/v1beta1, Kind=Reservation"}
2026-04-13T22:49:26Z	DEBUG	provider-gcp	gvk is ready	{"gvk": "compute.gcp.upbound.io/v1beta1, Kind=BackendService"}
2026-04-13T22:49:26Z	DEBUG	provider-gcp	gvk is ready	{"gvk": "compute.gcp.upbound.io/v1beta2, Kind=BackendService"}
2026-04-13T22:49:26Z	DEBUG	provider-gcp	gvk is ready	{"gvk": "compute.gcp.upbound.io/v1beta1, Kind=DiskResourcePolicyAttachment"}
2026-04-13T22:49:26Z	DEBUG	provider-gcp	gvk is ready	{"gvk": "vertexai.gcp.upbound.io/v1beta1, Kind=EndpointWithModelGardenDeployment"}
2026-04-13T22:49:26Z	DEBUG	provider-gcp	gvk is ready	{"gvk": "compute.gcp.m.upbound.io/v1beta1, Kind=PacketMirroring"}
2026-04-13T22:49:26Z	DEBUG	provider-gcp	gvk is ready	{"gvk": "compute.gcp.m.upbound.io/v1beta1, Kind=TargetSSLProxy"}
2026-04-13T22:49:26Z	DEBUG	provider-gcp	gvk is ready	{"gvk": "compute.gcp.upbound.io/v1beta1, Kind=Firewall"}
2026-04-13T22:49:26Z	DEBUG	provider-gcp	gvk is ready	{"gvk": "compute.gcp.upbound.io/v1beta2, Kind=Firewall"}
2026-04-13T22:49:26Z	DEBUG	provider-gcp	gvk is ready	{"gvk": "gcp-beta.m.upbound.io/v1beta1, Kind=ProviderConfig"}
2026-04-13T22:49:26Z	DEBUG	provider-gcp	gvk is ready	{"gvk": "compute.gcp.upbound.io/v1beta1, Kind=RegionNetworkFirewallPolicy"}
2026-04-13T22:49:26Z	DEBUG	provider-gcp	gvk is ready	{"gvk": "kms.gcp.m.upbound.io/v1beta1, Kind=SecretCiphertext"}
2026-04-13T22:49:26Z	DEBUG	provider-gcp	gvk is ready	{"gvk": "compute.gcp.upbound.io/v1beta1, Kind=Snapshot"}
2026-04-13T22:49:26Z	DEBUG	provider-gcp	gvk is ready	{"gvk": "compute.gcp.upbound.io/v1beta2, Kind=Snapshot"}
2026-04-13T22:49:26Z	DEBUG	provider-gcp	gvk is ready	{"gvk": "bigquery.gcp.upbound.io/v1beta1, Kind=AnalyticsHubDataExchange"}
2026-04-13T22:49:26Z	DEBUG	provider-gcp	gvk is ready	{"gvk": "monitoring.gcp.m.upbound.io/v1beta1, Kind=Group"}
2026-04-13T22:49:26Z	DEBUG	provider-gcp	gvk is ready	{"gvk": "pkg.crossplane.io/v1beta1, Kind=Lock"}
2026-04-13T22:49:26Z	DEBUG	provider-gcp	gvk is ready	{"gvk": "compute.gcp.upbound.io/v1beta1, Kind=RegionDiskResourcePolicyAttachment"}
2026-04-13T22:49:26Z	DEBUG	provider-gcp	gvk is ready	{"gvk": "compute.gcp.upbound.io/v1beta1, Kind=RegionInstanceGroupManager"}
2026-04-13T22:49:26Z	DEBUG	provider-gcp	gvk is ready	{"gvk": "compute.gcp.upbound.io/v1beta2, Kind=RegionInstanceGroupManager"}
2026-04-13T22:49:26Z	DEBUG	provider-gcp	gvk is ready	{"gvk": "secretmanager.gcp.upbound.io/v1beta1, Kind=SecretVersion"}
2026-04-13T22:49:26Z	DEBUG	provider-gcp	gvk is ready	{"gvk": "cloudplatform.gcp.upbound.io/v1beta1, Kind=OrganizationIAMMember"}
2026-04-13T22:49:26Z	DEBUG	provider-gcp	gvk is ready	{"gvk": "cloudplatform.gcp.upbound.io/v1beta2, Kind=OrganizationIAMMember"}
2026-04-13T22:49:26Z	DEBUG	provider-gcp	gvk is ready	{"gvk": "cloudplatform.gcp.m.upbound.io/v1beta1, Kind=ProjectIAMCustomRole"}
2026-04-13T22:49:26Z	DEBUG	provider-gcp	gvk is ready	{"gvk": "monitoring.gcp.m.upbound.io/v1beta1, Kind=AlertPolicy"}
2026-04-13T22:49:26Z	DEBUG	provider-gcp	gvk is ready	{"gvk": "apiextensions.crossplane.io/v1alpha1, Kind=EnvironmentConfig"}
2026-04-13T22:49:26Z	DEBUG	provider-gcp	gvk is ready	{"gvk": "apiextensions.crossplane.io/v1beta1, Kind=EnvironmentConfig"}
2026-04-13T22:49:26Z	DEBUG	provider-gcp	gvk is ready	{"gvk": "vertexai.gcp.upbound.io/v1beta1, Kind=FeatureGroup"}
2026-04-13T22:49:26Z	DEBUG	provider-gcp	gvk is ready	{"gvk": "compute.gcp.m.upbound.io/v1beta1, Kind=NetworkAttachment"}
2026-04-13T22:49:26Z	DEBUG	provider-gcp	gvk is ready	{"gvk": "compute.gcp.upbound.io/v1beta1, Kind=NetworkFirewallPolicyRule"}
2026-04-13T22:49:26Z	DEBUG	provider-gcp	gvk is ready	{"gvk": "compute.gcp.upbound.io/v1beta1, Kind=RegionAutoscaler"}
2026-04-13T22:49:26Z	DEBUG	provider-gcp	gvk is ready	{"gvk": "compute.gcp.upbound.io/v1beta2, Kind=RegionAutoscaler"}
2026-04-13T22:49:26Z	DEBUG	provider-gcp	gvk is ready	{"gvk": "compute.gcp.m.upbound.io/v1beta1, Kind=BackendService"}
2026-04-13T22:49:26Z	DEBUG	provider-gcp	gvk is ready	{"gvk": "servicenetworking.gcp.m.upbound.io/v1beta1, Kind=Connection"}
2026-04-13T22:49:26Z	DEBUG	provider-gcp	gvk is ready	{"gvk": "bigquery.gcp.upbound.io/v1beta1, Kind=DatasetIAMBinding"}
2026-04-13T22:49:26Z	DEBUG	provider-gcp	gvk is ready	{"gvk": "bigquery.gcp.upbound.io/v1beta2, Kind=DatasetIAMBinding"}
2026-04-13T22:49:26Z	DEBUG	provider-gcp	gvk is ready	{"gvk": "compute.gcp.upbound.io/v1beta1, Kind=ImageIAMMember"}
2026-04-13T22:49:26Z	DEBUG	provider-gcp	gvk is ready	{"gvk": "compute.gcp.upbound.io/v1beta2, Kind=ImageIAMMember"}
2026-04-13T22:49:26Z	DEBUG	provider-gcp	gvk is ready	{"gvk": "compute.gcp.upbound.io/v1beta1, Kind=InstanceGroup"}
2026-04-13T22:49:26Z	DEBUG	provider-gcp	gvk is ready	{"gvk": "compute.gcp.upbound.io/v1beta1, Kind=RegionBackendService"}
2026-04-13T22:49:26Z	DEBUG	provider-gcp	gvk is ready	{"gvk": "compute.gcp.upbound.io/v1beta2, Kind=RegionBackendService"}
2026-04-13T22:49:26Z	DEBUG	provider-gcp	gvk is ready	{"gvk": "compute.gcp.upbound.io/v1beta1, Kind=FirewallPolicyAssociation"}
2026-04-13T22:49:26Z	DEBUG	provider-gcp	gvk is ready	{"gvk": "cloudplatform.gcp.upbound.io/v1beta1, Kind=Folder"}
2026-04-13T22:49:26Z	DEBUG	provider-gcp	gvk is ready	{"gvk": "gcp.m.upbound.io/v1beta1, Kind=ProviderConfigUsage"}
2026-04-13T22:49:26Z	DEBUG	provider-gcp	gvk is ready	{"gvk": "compute.gcp.m.upbound.io/v1beta1, Kind=RegionDiskIAMMember"}
2026-04-13T22:49:26Z	DEBUG	provider-gcp	gvk is ready	{"gvk": "compute.gcp.m.upbound.io/v1beta1, Kind=RegionHealthCheck"}
2026-04-13T22:49:26Z	DEBUG	provider-gcp	gvk is ready	{"gvk": "compute.gcp.m.upbound.io/v1beta1, Kind=ResourcePolicy"}
2026-04-13T22:49:26Z	DEBUG	provider-gcp	gvk is ready	{"gvk": "compute.gcp.upbound.io/v1beta1, Kind=RouterInterface"}
2026-04-13T22:49:26Z	DEBUG	provider-gcp	gvk is ready	{"gvk": "cloudplatform.gcp.m.upbound.io/v1beta1, Kind=ProjectIAMAuditConfig"}
2026-04-13T22:49:26Z	DEBUG	provider-gcp	gvk is ready	{"gvk": "compute.gcp.upbound.io/v1beta1, Kind=Address"}
2026-04-13T22:49:26Z	DEBUG	provider-gcp	gvk is ready	{"gvk": "pkg.crossplane.io/v1alpha1, Kind=ControllerConfig"}
2026-04-13T22:49:26Z	DEBUG	provider-gcp	gvk is ready	{"gvk": "vertexai.gcp.m.upbound.io/v1beta1, Kind=FeatureGroupFeature"}
2026-04-13T22:49:26Z	DEBUG	provider-gcp	gvk is ready	{"gvk": "vertexai.gcp.upbound.io/v1beta1, Kind=FeatureGroupFeature"}
2026-04-13T22:49:26Z	DEBUG	provider-gcp	gvk is ready	{"gvk": "kms.gcp.upbound.io/v1beta1, Kind=KeyRing"}
2026-04-13T22:49:26Z	DEBUG	provider-gcp	gvk is ready	{"gvk": "modelarmor.gcp.m.upbound.io/v1beta1, Kind=Template"}
2026-04-13T22:49:26Z	DEBUG	provider-gcp	gvk is ready	{"gvk": "compute.gcp.m.upbound.io/v1beta1, Kind=Autoscaler"}
2026-04-13T22:49:26Z	DEBUG	provider-gcp	gvk is ready	{"gvk": "compute.gcp.m.upbound.io/v1beta1, Kind=BackendBucket"}
2026-04-13T22:49:26Z	DEBUG	provider-gcp	gvk is ready	{"gvk": "compute.gcp.upbound.io/v1beta1, Kind=BackendBucketSignedURLKey"}
2026-04-13T22:49:26Z	DEBUG	provider-gcp	gvk is ready	{"gvk": "compute.gcp.m.upbound.io/v1beta1, Kind=BackendServiceSignedURLKey"}
2026-04-13T22:49:26Z	DEBUG	provider-gcp	gvk is ready	{"gvk": "compute.gcp.upbound.io/v1beta1, Kind=InstanceGroupManager"}
2026-04-13T22:49:26Z	DEBUG	provider-gcp	gvk is ready	{"gvk": "compute.gcp.upbound.io/v1beta2, Kind=InstanceGroupManager"}
2026-04-13T22:49:26Z	DEBUG	provider-gcp	gvk is ready	{"gvk": "compute.gcp.upbound.io/v1beta1, Kind=InstanceGroupNamedPort"}
2026-04-13T22:49:26Z	DEBUG	provider-gcp	gvk is ready	{"gvk": "apiextensions.crossplane.io/v1, Kind=CompositionRevision"}
2026-04-13T22:49:26Z	DEBUG	provider-gcp	gvk is ready	{"gvk": "apiextensions.crossplane.io/v1beta1, Kind=CompositionRevision"}
2026-04-13T22:49:26Z	DEBUG	provider-gcp	gvk is ready	{"gvk": "compute.gcp.m.upbound.io/v1beta1, Kind=HTTPSHealthCheck"}
2026-04-13T22:49:26Z	DEBUG	provider-gcp	gvk is ready	{"gvk": "cloudplatform.gcp.m.upbound.io/v1beta1, Kind=Project"}
2026-04-13T22:49:26Z	DEBUG	provider-gcp	gvk is ready	{"gvk": "dataform.gcp-beta.m.upbound.io/v1beta1, Kind=RepositoryReleaseConfig"}
2026-04-13T22:49:26Z	DEBUG	provider-gcp	gvk is ready	{"gvk": "compute.gcp.m.upbound.io/v1beta1, Kind=SnapshotIAMMember"}
2026-04-13T22:49:26Z	DEBUG	provider-gcp	gvk is ready	{"gvk": "compute.gcp.upbound.io/v1beta1, Kind=SSLPolicy"}
2026-04-13T22:49:26Z	DEBUG	provider-gcp	gvk is ready	{"gvk": "vertexai.gcp.upbound.io/v1beta2, Kind=FeaturestoreEntitytype"}
2026-04-13T22:49:26Z	DEBUG	provider-gcp	gvk is ready	{"gvk": "vertexai.gcp.upbound.io/v1beta1, Kind=FeaturestoreEntitytype"}
2026-04-13T22:49:26Z	DEBUG	provider-gcp	gvk is ready	{"gvk": "compute.gcp.m.upbound.io/v1beta1, Kind=FirewallPolicy"}
2026-04-13T22:49:26Z	DEBUG	provider-gcp	gvk is ready	{"gvk": "compute.gcp.upbound.io/v1beta1, Kind=InterconnectAttachment"}
2026-04-13T22:49:26Z	DEBUG	provider-gcp	gvk is ready	{"gvk": "compute.gcp.upbound.io/v1beta1, Kind=NetworkEndpoint"}
2026-04-13T22:49:26Z	DEBUG	provider-gcp	gvk is ready	{"gvk": "cloudplatform.gcp.m.upbound.io/v1beta1, Kind=OrganizationIAMAuditConfig"}
2026-04-13T22:49:26Z	DEBUG	provider-gcp	gvk is ready	{"gvk": "compute.gcp.upbound.io/v1beta1, Kind=RegionTargetHTTPSProxy"}
2026-04-13T22:49:26Z	DEBUG	provider-gcp	gvk is ready	{"gvk": "compute.gcp.upbound.io/v1beta1, Kind=BackendBucket"}
2026-04-13T22:49:26Z	DEBUG	provider-gcp	gvk is ready	{"gvk": "compute.gcp.upbound.io/v1beta2, Kind=BackendBucket"}
2026-04-13T22:49:26Z	DEBUG	provider-gcp	gvk is ready	{"gvk": "pkg.crossplane.io/v1beta1, Kind=DeploymentRuntimeConfig"}
2026-04-13T22:49:26Z	DEBUG	provider-gcp	gvk is ready	{"gvk": "vertexai.gcp.upbound.io/v1beta1, Kind=FeatureOnlineStoreFeatureview"}
2026-04-13T22:49:26Z	DEBUG	provider-gcp	gvk is ready	{"gvk": "compute.gcp.m.upbound.io/v1beta1, Kind=RegionNetworkFirewallPolicy"}
2026-04-13T22:49:26Z	DEBUG	provider-gcp	gvk is ready	{"gvk": "compute.gcp.m.upbound.io/v1beta1, Kind=SecurityPolicy"}
2026-04-13T22:49:26Z	DEBUG	provider-gcp	gvk is ready	{"gvk": "monitoring.gcp.upbound.io/v1beta1, Kind=SLO"}
2026-04-13T22:49:26Z	DEBUG	provider-gcp	gvk is ready	{"gvk": "monitoring.gcp.upbound.io/v1beta2, Kind=SLO"}
2026-04-13T22:49:26Z	DEBUG	provider-gcp	gvk is ready	{"gvk": "monitoring.gcp.m.upbound.io/v1beta1, Kind=UptimeCheckConfig"}
2026-04-13T22:49:26Z	DEBUG	provider-gcp	gvk is ready	{"gvk": "bigquery.gcp.m.upbound.io/v1beta1, Kind=DataTransferConfig"}
2026-04-13T22:49:26Z	DEBUG	provider-gcp	gvk is ready	{"gvk": "compute.gcp.m.upbound.io/v1beta1, Kind=HTTPHealthCheck"}
2026-04-13T22:49:26Z	DEBUG	provider-gcp	gvk is ready	{"gvk": "bigquery.gcp.m.upbound.io/v1beta1, Kind=Job"}
2026-04-13T22:49:26Z	DEBUG	provider-gcp	gvk is ready	{"gvk": "compute.gcp.m.upbound.io/v1beta1, Kind=NetworkFirewallPolicy"}
2026-04-13T22:49:26Z	DEBUG	provider-gcp	gvk is ready	{"gvk": "cloudplatform.gcp.upbound.io/v1beta1, Kind=ProjectService"}
2026-04-13T22:49:26Z	DEBUG	provider-gcp	gvk is ready	{"gvk": "compute.gcp.upbound.io/v1beta1, Kind=Route"}
2026-04-13T22:49:26Z	DEBUG	provider-gcp	gvk is ready	{"gvk": "compute.gcp.m.upbound.io/v1beta1, Kind=TargetInstance"}
2026-04-13T22:49:26Z	DEBUG	provider-gcp	gvk is ready	{"gvk": "apiextensions.crossplane.io/v1alpha1, Kind=Usage"}
2026-04-13T22:49:26Z	DEBUG	provider-gcp	gvk is ready	{"gvk": "apiextensions.crossplane.io/v1beta1, Kind=Usage"}
2026-04-13T22:49:26Z	DEBUG	provider-gcp	gvk is ready	{"gvk": "billing.gcp.upbound.io/v1beta1, Kind=AccountIAMMember"}
2026-04-13T22:49:26Z	DEBUG	provider-gcp	gvk is ready	{"gvk": "bigquery.gcp.m.upbound.io/v1beta1, Kind=AnalyticsHubListingIAMMember"}
2026-04-13T22:49:26Z	DEBUG	provider-gcp	gvk is ready	{"gvk": "bigquery.gcp.m.upbound.io/v1beta1, Kind=DatasetIAMMember"}
2026-04-13T22:49:26Z	DEBUG	provider-gcp	gvk is ready	{"gvk": "bigquery.gcp.m.upbound.io/v1beta1, Kind=Dataset"}
2026-04-13T22:49:26Z	DEBUG	provider-gcp	gvk is ready	{"gvk": "compute.gcp.upbound.io/v1beta1, Kind=FirewallPolicy"}
2026-04-13T22:49:26Z	DEBUG	provider-gcp	gvk is ready	{"gvk": "gcp.upbound.io/v1beta1, Kind=ProviderConfig"}
2026-04-13T22:49:26Z	DEBUG	provider-gcp	gvk is ready	{"gvk": "compute.gcp.m.upbound.io/v1beta1, Kind=VPNGateway"}
2026-04-13T22:49:26Z	DEBUG	provider-gcp	gvk is ready	{"gvk": "compute.gcp.m.upbound.io/v1beta1, Kind=Address"}
2026-04-13T22:49:26Z	DEBUG	provider-gcp	gvk is ready	{"gvk": "compute.gcp.upbound.io/v1beta1, Kind=HTTPHealthCheck"}
2026-04-13T22:49:26Z	DEBUG	provider-gcp	gvk is ready	{"gvk": "vertexai.gcp.m.upbound.io/v1beta1, Kind=IndexEndpointDeployedIndex"}
2026-04-13T22:49:26Z	DEBUG	provider-gcp	gvk is ready	{"gvk": "kms.gcp.m.upbound.io/v1beta1, Kind=KeyRingIAMMember"}
2026-04-13T22:49:26Z	DEBUG	provider-gcp	gvk is ready	{"gvk": "bigquery.gcp.m.upbound.io/v1beta1, Kind=ReservationAssignment"}
2026-04-13T22:49:26Z	DEBUG	provider-gcp	gvk is ready	{"gvk": "cloudplatform.gcp.m.upbound.io/v1beta1, Kind=ServiceAccount"}
2026-04-13T22:49:26Z	DEBUG	provider-gcp	gvk is ready	{"gvk": "compute.gcp.upbound.io/v1beta1, Kind=TargetSSLProxy"}
2026-04-13T22:49:26Z	DEBUG	provider-gcp	gvk is ready	{"gvk": "compute.gcp.upbound.io/v1beta1, Kind=HealthCheck"}
2026-04-13T22:49:26Z	DEBUG	provider-gcp	gvk is ready	{"gvk": "compute.gcp.upbound.io/v1beta2, Kind=HealthCheck"}
2026-04-13T22:49:26Z	DEBUG	provider-gcp	gvk is ready	{"gvk": "compute.gcp.m.upbound.io/v1beta1, Kind=RegionURLMap"}
2026-04-13T22:49:26Z	DEBUG	provider-gcp	gvk is ready	{"gvk": "compute.gcp.upbound.io/v1beta1, Kind=RouterPeer"}
2026-04-13T22:49:26Z	DEBUG	provider-gcp	gvk is ready	{"gvk": "compute.gcp.upbound.io/v1beta2, Kind=RouterPeer"}
2026-04-13T22:49:26Z	DEBUG	provider-gcp	gvk is ready	{"gvk": "secretmanager.gcp.upbound.io/v1beta2, Kind=SecretIAMMember"}
2026-04-13T22:49:26Z	DEBUG	provider-gcp	gvk is ready	{"gvk": "secretmanager.gcp.upbound.io/v1beta1, Kind=SecretIAMMember"}
2026-04-13T22:49:26Z	DEBUG	provider-gcp	gvk is ready	{"gvk": "cloudplatform.gcp.m.upbound.io/v1beta1, Kind=ServiceAccountIAMMember"}
2026-04-13T22:49:26Z	DEBUG	provider-gcp	gvk is ready	{"gvk": "compute.gcp.upbound.io/v1beta1, Kind=SharedVPCServiceProject"}
2026-04-13T22:49:26Z	DEBUG	provider-gcp	gvk is ready	{"gvk": "compute.gcp.upbound.io/v1beta1, Kind=TargetGRPCProxy"}
2026-04-13T22:49:26Z	DEBUG	provider-gcp	gvk is ready	{"gvk": "compute.gcp.m.upbound.io/v1beta1, Kind=RegionTargetHTTPProxy"}
2026-04-13T22:49:26Z	DEBUG	provider-gcp	gvk is ready	{"gvk": "dataform.gcp-beta.m.upbound.io/v1beta1, Kind=RepositoryIAMMember"}
2026-04-13T22:49:26Z	DEBUG	provider-gcp	gvk is ready	{"gvk": "compute.gcp.m.upbound.io/v1beta1, Kind=Route"}
2026-04-13T22:49:26Z	DEBUG	provider-gcp	gvk is ready	{"gvk": "bigquery.gcp.m.upbound.io/v1beta1, Kind=Routine"}
2026-04-13T22:49:26Z	DEBUG	provider-gcp	gvk is ready	{"gvk": "bigquery.gcp.upbound.io/v1beta2, Kind=AnalyticsHubDataExchangeIAMMember"}
2026-04-13T22:49:26Z	DEBUG	provider-gcp	gvk is ready	{"gvk": "bigquery.gcp.upbound.io/v1beta1, Kind=AnalyticsHubDataExchangeIAMMember"}
2026-04-13T22:49:26Z	DEBUG	provider-gcp	gvk is ready	{"gvk": "bigquery.gcp.upbound.io/v1beta1, Kind=AnalyticsHubListingIAMMember"}
2026-04-13T22:49:26Z	DEBUG	provider-gcp	gvk is ready	{"gvk": "compute.gcp.m.upbound.io/v1beta1, Kind=ManagedSSLCertificate"}
2026-04-13T22:49:26Z	DEBUG	provider-gcp	gvk is ready	{"gvk": "compute.gcp.upbound.io/v1beta1, Kind=NetworkEndpointGroup"}
2026-04-13T22:49:26Z	DEBUG	provider-gcp	gvk is ready	{"gvk": "monitoring.gcp.m.upbound.io/v1beta1, Kind=NotificationChannel"}
2026-04-13T22:49:26Z	DEBUG	provider-gcp	gvk is ready	{"gvk": "compute.gcp.m.upbound.io/v1beta1, Kind=TargetPool"}
2026-04-13T22:49:26Z	DEBUG	provider-gcp	gvk is ready	{"gvk": "compute.gcp.m.upbound.io/v1beta1, Kind=URLMap"}
2026-04-13T22:49:26Z	DEBUG	provider-gcp	gvk is ready	{"gvk": "billing.gcp.m.upbound.io/v1beta1, Kind=AccountIAMMember"}
2026-04-13T22:49:26Z	DEBUG	provider-gcp	gvk is ready	{"gvk": "bigquery.gcp.upbound.io/v1beta2, Kind=Connection"}
2026-04-13T22:49:26Z	DEBUG	provider-gcp	gvk is ready	{"gvk": "bigquery.gcp.upbound.io/v1beta1, Kind=Connection"}
2026-04-13T22:49:26Z	DEBUG	provider-gcp	gvk is ready	{"gvk": "cloudplatform.gcp.upbound.io/v1beta1, Kind=OrganizationIAMCustomRole"}
2026-04-13T22:49:26Z	DEBUG	provider-gcp	gvk is ready	{"gvk": "cloudplatform.gcp.m.upbound.io/v1beta1, Kind=OrganizationIAMMember"}
2026-04-13T22:49:26Z	DEBUG	provider-gcp	gvk is ready	{"gvk": "cloudplatform.gcp.upbound.io/v1beta1, Kind=ProjectIAMMember"}
2026-04-13T22:49:26Z	DEBUG	provider-gcp	gvk is ready	{"gvk": "cloudplatform.gcp.upbound.io/v1beta2, Kind=ProjectIAMMember"}
